# JRE version: OpenJDK Runtime Environment Temurin-21.0.10+7 (21.0.10+7) (build 21.0.10+7-LTS)
# Java VM: OpenJDK 64-Bit Server VM Temurin-21.0.10+7 (21.0.10+7-LTS, mixed mode, sharing, tiered, compressed oops, compressed class ptrs, parallel gc, windows-amd64)
GC Precious Log:
 CardTable entry size: 512
 CPUs: 4 total, 4 available
 Memory: 12178M
 Large Page Support: Disabled
 NUMA Support: Disabled
 Compressed Oops: Enabled (32-bit)
 Alignments: Space 512K, Generation 512K, Heap 2M
 Heap Min Capacity: 100M
 Heap Initial Capacity: 100M
 Heap Max Capacity: 2G
 Pre-touch: Disabled
 Parallel Workers: 4
Heap:
 PSYoungGen      total 11264K, used 5787K [0x00000000d5580000, 0x00000000d6780000, 0x0000000100000000)
  eden space 10752K, 50% used [0x00000000d5580000,0x00000000d5adad80,0x00000000d6000000)
  from space 512K, 59% used [0x00000000d6700000,0x00000000d674c030,0x00000000d6780000)
  to   space 2560K, 0% used [0x00000000d6280000,0x00000000d6280000,0x00000000d6500000)
 ParOldGen       total 889856K, used 889635K [0x0000000080000000, 0x00000000b6500000, 0x00000000d5580000)
  object space 889856K, 99% used [0x0000000080000000,0x00000000b64c8f60,0x00000000b6500000)
 Metaspace       used 78995K, committed 80512K, reserved 1179648K
  class space    used 8123K, committed 8768K, reserved 1048576K
GC Heap History (20 events):
Event: 89.159 GC heap before
{Heap before GC invocations=982 (full 3):
 PSYoungGen      total 4608K, used 4256K [0x00000000d5580000, 0x00000000d5c00000, 0x0000000100000000)
  eden space 4096K, 100% used [0x00000000d5580000,0x00000000d5980000,0x00000000d5980000)
  from space 512K, 31% used [0x00000000d5b80000,0x00000000d5ba8000,0x00000000d5c00000)
  to   space 1024K, 0% used [0x00000000d5a00000,0x00000000d5a00000,0x00000000d5b00000)
 ParOldGen       total 833536K, used 833032K [0x0000000080000000, 0x00000000b2e00000, 0x00000000d5580000)
  object space 833536K, 99% used [0x0000000080000000,0x00000000b2d822f8,0x00000000b2e00000)
 Metaspace       used 77557K, committed 79168K, reserved 1179648K
  class space    used 7972K, committed 8640K, reserved 1048576K
}
Event: 89.168 GC heap after
{Heap after GC invocations=982 (full 3):
 PSYoungGen      total 5632K, used 1024K [0x00000000d5580000, 0x00000000d6280000, 0x0000000100000000)
  eden space 4608K, 0% used [0x00000000d5580000,0x00000000d5580000,0x00000000d5a00000)
  from space 1024K, 100% used [0x00000000d5a00000,0x00000000d5b00000,0x00000000d5b00000)
  to   space 4096K, 0% used [0x00000000d5e80000,0x00000000d5e80000,0x00000000d6280000)
 ParOldGen       total 835584K, used 835279K [0x0000000080000000, 0x00000000b3000000, 0x00000000d5580000)
  object space 835584K, 99% used [0x0000000080000000,0x00000000b2fb3c88,0x00000000b3000000)
 Metaspace       used 77557K, committed 79168K, reserved 1179648K
  class space    used 7972K, committed 8640K, reserved 1048576K
}
Event: 89.220 GC heap before
{Heap before GC invocations=983 (full 3):
 PSYoungGen      total 5632K, used 5632K [0x00000000d5580000, 0x00000000d6280000, 0x0000000100000000)
  eden space 4608K, 100% used [0x00000000d5580000,0x00000000d5a00000,0x00000000d5a00000)
  from space 1024K, 100% used [0x00000000d5a00000,0x00000000d5b00000,0x00000000d5b00000)
  to   space 4096K, 0% used [0x00000000d5e80000,0x00000000d5e80000,0x00000000d6280000)
 ParOldGen       total 835584K, used 835279K [0x0000000080000000, 0x00000000b3000000, 0x00000000d5580000)
  object space 835584K, 99% used [0x0000000080000000,0x00000000b2fb3c88,0x00000000b3000000)
 Metaspace       used 77596K, committed 79168K, reserved 1179648K
  class space    used 7978K, committed 8640K, reserved 1048576K
}
Event: 89.233 GC heap after
{Heap after GC invocations=983 (full 3):
 PSYoungGen      total 8192K, used 2320K [0x00000000d5580000, 0x00000000d6100000, 0x0000000100000000)
  eden space 5632K, 0% used [0x00000000d5580000,0x00000000d5580000,0x00000000d5b00000)
  from space 2560K, 90% used [0x00000000d5e80000,0x00000000d60c4010,0x00000000d6100000)
  to   space 3072K, 0% used [0x00000000d5b00000,0x00000000d5b00000,0x00000000d5e00000)
 ParOldGen       total 836608K, used 836319K [0x0000000080000000, 0x00000000b3100000, 0x00000000d5580000)
  object space 836608K, 99% used [0x0000000080000000,0x00000000b30b7c88,0x00000000b3100000)
 Metaspace       used 77596K, committed 79168K, reserved 1179648K
  class space    used 7978K, committed 8640K, reserved 1048576K
}
Event: 89.254 GC heap before
{Heap before GC invocations=984 (full 3):
 PSYoungGen      total 8192K, used 7952K [0x00000000d5580000, 0x00000000d6100000, 0x0000000100000000)
  eden space 5632K, 100% used [0x00000000d5580000,0x00000000d5b00000,0x00000000d5b00000)
  from space 2560K, 90% used [0x00000000d5e80000,0x00000000d60c4010,0x00000000d6100000)
  to   space 3072K, 0% used [0x00000000d5b00000,0x00000000d5b00000,0x00000000d5e00000)
 ParOldGen       total 836608K, used 836319K [0x0000000080000000, 0x00000000b3100000, 0x00000000d5580000)
  object space 836608K, 99% used [0x0000000080000000,0x00000000b30b7c88,0x00000000b3100000)
 Metaspace       used 77608K, committed 79168K, reserved 1179648K
  class space    used 7980K, committed 8640K, reserved 1048576K
}
Event: 89.273 GC heap after
{Heap after GC invocations=984 (full 3):
 PSYoungGen      total 8704K, used 3072K [0x00000000d5580000, 0x00000000d6980000, 0x0000000100000000)
  eden space 5632K, 0% used [0x00000000d5580000,0x00000000d5580000,0x00000000d5b00000)
  from space 3072K, 100% used [0x00000000d5b00000,0x00000000d5e00000,0x00000000d5e00000)
  to   space 6656K, 0% used [0x00000000d6300000,0x00000000d6300000,0x00000000d6980000)
 ParOldGen       total 839168K, used 838967K [0x0000000080000000, 0x00000000b3380000, 0x00000000d5580000)
  object space 839168K, 99% used [0x0000000080000000,0x00000000b334dc98,0x00000000b3380000)
 Metaspace       used 77608K, committed 79168K, reserved 1179648K
  class space    used 7980K, committed 8640K, reserved 1048576K
}
Event: 89.321 GC heap before
{Heap before GC invocations=985 (full 3):
 PSYoungGen      total 8704K, used 8704K [0x00000000d5580000, 0x00000000d6980000, 0x0000000100000000)
  eden space 5632K, 100% used [0x00000000d5580000,0x00000000d5b00000,0x00000000d5b00000)
  from space 3072K, 100% used [0x00000000d5b00000,0x00000000d5e00000,0x00000000d5e00000)
  to   space 6656K, 0% used [0x00000000d6300000,0x00000000d6300000,0x00000000d6980000)
 ParOldGen       total 839168K, used 838967K [0x0000000080000000, 0x00000000b3380000, 0x00000000d5580000)
  object space 839168K, 99% used [0x0000000080000000,0x00000000b334dc98,0x00000000b3380000)
 Metaspace       used 77826K, committed 79488K, reserved 1179648K
  class space    used 8004K, committed 8704K, reserved 1048576K
}
Event: 89.333 GC heap after
{Heap after GC invocations=985 (full 3):
 PSYoungGen      total 10240K, used 2888K [0x00000000d5580000, 0x00000000d6600000, 0x0000000100000000)
  eden space 7168K, 0% used [0x00000000d5580000,0x00000000d5580000,0x00000000d5c80000)
  from space 3072K, 94% used [0x00000000d6300000,0x00000000d65d2170,0x00000000d6600000)
  to   space 4096K, 0% used [0x00000000d5e00000,0x00000000d5e00000,0x00000000d6200000)
 ParOldGen       total 842240K, used 842047K [0x0000000080000000, 0x00000000b3680000, 0x00000000d5580000)
  object space 842240K, 99% used [0x0000000080000000,0x00000000b364fc98,0x00000000b3680000)
 Metaspace       used 77826K, committed 79488K, reserved 1179648K
  class space    used 8004K, committed 8704K, reserved 1048576K
}
Event: 89.359 GC heap before
{Heap before GC invocations=986 (full 3):
 PSYoungGen      total 10240K, used 10056K [0x00000000d5580000, 0x00000000d6600000, 0x0000000100000000)
  eden space 7168K, 100% used [0x00000000d5580000,0x00000000d5c80000,0x00000000d5c80000)
  from space 3072K, 94% used [0x00000000d6300000,0x00000000d65d2170,0x00000000d6600000)
  to   space 4096K, 0% used [0x00000000d5e00000,0x00000000d5e00000,0x00000000d6200000)
 ParOldGen       total 842240K, used 842047K [0x0000000080000000, 0x00000000b3680000, 0x00000000d5580000)
  object space 842240K, 99% used [0x0000000080000000,0x00000000b364fc98,0x00000000b3680000)
 Metaspace       used 77965K, committed 79616K, reserved 1179648K
  class space    used 8014K, committed 8704K, reserved 1048576K
}
Event: 89.374 GC heap after
{Heap after GC invocations=986 (full 3):
 PSYoungGen      total 12800K, used 4096K [0x00000000d5580000, 0x00000000d6f00000, 0x0000000100000000)
  eden space 8704K, 0% used [0x00000000d5580000,0x00000000d5580000,0x00000000d5e00000)
  from space 4096K, 100% used [0x00000000d5e00000,0x00000000d6200000,0x00000000d6200000)
  to   space 8704K, 0% used [0x00000000d6680000,0x00000000d6680000,0x00000000d6f00000)
 ParOldGen       total 845824K, used 845563K [0x0000000080000000, 0x00000000b3a00000, 0x00000000d5580000)
  object space 845824K, 99% used [0x0000000080000000,0x00000000b39beec0,0x00000000b3a00000)
 Metaspace       used 77965K, committed 79616K, reserved 1179648K
  class space    used 8014K, committed 8704K, reserved 1048576K
}
Event: 89.408 GC heap before
{Heap before GC invocations=987 (full 3):
 PSYoungGen      total 12800K, used 12796K [0x00000000d5580000, 0x00000000d6f00000, 0x0000000100000000)
  eden space 8704K, 99% used [0x00000000d5580000,0x00000000d5dff298,0x00000000d5e00000)
  from space 4096K, 100% used [0x00000000d5e00000,0x00000000d6200000,0x00000000d6200000)
  to   space 8704K, 0% used [0x00000000d6680000,0x00000000d6680000,0x00000000d6f00000)
 ParOldGen       total 845824K, used 845563K [0x0000000080000000, 0x00000000b3a00000, 0x00000000d5580000)
  object space 845824K, 99% used [0x0000000080000000,0x00000000b39beec0,0x00000000b3a00000)
 Metaspace       used 78082K, committed 79680K, reserved 1179648K
  class space    used 8026K, committed 8704K, reserved 1048576K
}
Event: 89.425 GC heap after
{Heap after GC invocations=987 (full 3):
 PSYoungGen      total 17408K, used 5910K [0x00000000d5580000, 0x00000000d6d00000, 0x0000000100000000)
  eden space 10752K, 0% used [0x00000000d5580000,0x00000000d5580000,0x00000000d6000000)
  from space 6656K, 88% used [0x00000000d6680000,0x00000000d6c45bc8,0x00000000d6d00000)
  to   space 6656K, 0% used [0x00000000d6000000,0x00000000d6000000,0x00000000d6680000)
 ParOldGen       total 849920K, used 849666K [0x0000000080000000, 0x00000000b3e00000, 0x00000000d5580000)
  object space 849920K, 99% used [0x0000000080000000,0x00000000b3dc0958,0x00000000b3e00000)
 Metaspace       used 78082K, committed 79680K, reserved 1179648K
  class space    used 8026K, committed 8704K, reserved 1048576K
}
Event: 89.685 GC heap before
{Heap before GC invocations=988 (full 3):
 PSYoungGen      total 17408K, used 16662K [0x00000000d5580000, 0x00000000d6d00000, 0x0000000100000000)
  eden space 10752K, 100% used [0x00000000d5580000,0x00000000d6000000,0x00000000d6000000)
  from space 6656K, 88% used [0x00000000d6680000,0x00000000d6c45bc8,0x00000000d6d00000)
  to   space 6656K, 0% used [0x00000000d6000000,0x00000000d6000000,0x00000000d6680000)
 ParOldGen       total 849920K, used 849666K [0x0000000080000000, 0x00000000b3e00000, 0x00000000d5580000)
  object space 849920K, 99% used [0x0000000080000000,0x00000000b3dc0958,0x00000000b3e00000)
 Metaspace       used 78335K, committed 79936K, reserved 1179648K
  class space    used 8059K, committed 8768K, reserved 1048576K
}
Event: 89.707 GC heap after
{Heap after GC invocations=988 (full 3):
 PSYoungGen      total 17408K, used 5825K [0x00000000d5580000, 0x00000000d6e80000, 0x0000000100000000)
  eden space 10752K, 0% used [0x00000000d5580000,0x00000000d5580000,0x00000000d6000000)
  from space 6656K, 87% used [0x00000000d6000000,0x00000000d65b0738,0x00000000d6680000)
  to   space 6144K, 0% used [0x00000000d6880000,0x00000000d6880000,0x00000000d6e80000)
 ParOldGen       total 855552K, used 855522K [0x0000000080000000, 0x00000000b4380000, 0x00000000d5580000)
  object space 855552K, 99% used [0x0000000080000000,0x00000000b4378958,0x00000000b4380000)
 Metaspace       used 78335K, committed 79936K, reserved 1179648K
  class space    used 8059K, committed 8768K, reserved 1048576K
}
Event: 89.956 GC heap before
{Heap before GC invocations=989 (full 3):
 PSYoungGen      total 17408K, used 16577K [0x00000000d5580000, 0x00000000d6e80000, 0x0000000100000000)
  eden space 10752K, 100% used [0x00000000d5580000,0x00000000d6000000,0x00000000d6000000)
  from space 6656K, 87% used [0x00000000d6000000,0x00000000d65b0738,0x00000000d6680000)
  to   space 6144K, 0% used [0x00000000d6880000,0x00000000d6880000,0x00000000d6e80000)
 ParOldGen       total 855552K, used 855522K [0x0000000080000000, 0x00000000b4380000, 0x00000000d5580000)
  object space 855552K, 99% used [0x0000000080000000,0x00000000b4378958,0x00000000b4380000)
 Metaspace       used 78570K, committed 80192K, reserved 1179648K
  class space    used 8076K, committed 8768K, reserved 1048576K
}
Event: 89.966 GC heap after
{Heap after GC invocations=989 (full 3):
 PSYoungGen      total 11776K, used 868K [0x00000000d5580000, 0x00000000d6980000, 0x0000000100000000)
  eden space 10752K, 0% used [0x00000000d5580000,0x00000000d5580000,0x00000000d6000000)
  from space 1024K, 84% used [0x00000000d6880000,0x00000000d69590b0,0x00000000d6980000)
  to   space 3072K, 0% used [0x00000000d6380000,0x00000000d6380000,0x00000000d6680000)
 ParOldGen       total 860672K, used 860618K [0x0000000080000000, 0x00000000b4880000, 0x00000000d5580000)
  object space 860672K, 99% used [0x0000000080000000,0x00000000b4872958,0x00000000b4880000)
 Metaspace       used 78570K, committed 80192K, reserved 1179648K
  class space    used 8076K, committed 8768K, reserved 1048576K
}
Event: 444.515 GC heap before
{Heap before GC invocations=990 (full 3):
 PSYoungGen      total 11776K, used 11620K [0x00000000d5580000, 0x00000000d6980000, 0x0000000100000000)
  eden space 10752K, 100% used [0x00000000d5580000,0x00000000d6000000,0x00000000d6000000)
  from space 1024K, 84% used [0x00000000d6880000,0x00000000d69590b0,0x00000000d6980000)
  to   space 3072K, 0% used [0x00000000d6380000,0x00000000d6380000,0x00000000d6680000)
 ParOldGen       total 860672K, used 860618K [0x0000000080000000, 0x00000000b4880000, 0x00000000d5580000)
  object space 860672K, 99% used [0x0000000080000000,0x00000000b4872958,0x00000000b4880000)
 Metaspace       used 78848K, committed 80448K, reserved 1179648K
  class space    used 8113K, committed 8768K, reserved 1048576K
}
Event: 444.524 GC heap after
{Heap after GC invocations=990 (full 3):
 PSYoungGen      total 13824K, used 3072K [0x00000000d5580000, 0x00000000d6e00000, 0x0000000100000000)
  eden space 10752K, 0% used [0x00000000d5580000,0x00000000d5580000,0x00000000d6000000)
  from space 3072K, 100% used [0x00000000d6380000,0x00000000d6680000,0x00000000d6680000)
  to   space 7168K, 0% used [0x00000000d6700000,0x00000000d6700000,0x00000000d6e00000)
 ParOldGen       total 863744K, used 863475K [0x0000000080000000, 0x00000000b4b80000, 0x00000000d5580000)
  object space 863744K, 99% used [0x0000000080000000,0x00000000b4b3cf28,0x00000000b4b80000)
 Metaspace       used 78848K, committed 80448K, reserved 1179648K
  class space    used 8113K, committed 8768K, reserved 1048576K
}
Event: 444.836 GC heap before
{Heap before GC invocations=991 (full 3):
 PSYoungGen      total 13824K, used 13824K [0x00000000d5580000, 0x00000000d6e00000, 0x0000000100000000)
  eden space 10752K, 100% used [0x00000000d5580000,0x00000000d6000000,0x00000000d6000000)
  from space 3072K, 100% used [0x00000000d6380000,0x00000000d6680000,0x00000000d6680000)
  to   space 7168K, 0% used [0x00000000d6700000,0x00000000d6700000,0x00000000d6e00000)
 ParOldGen       total 887296K, used 886515K [0x0000000080000000, 0x00000000b6280000, 0x00000000d5580000)
  object space 887296K, 99% used [0x0000000080000000,0x00000000b61bcf48,0x00000000b6280000)
 Metaspace       used 78922K, committed 80512K, reserved 1179648K
  class space    used 8121K, committed 8768K, reserved 1048576K
}
Event: 444.842 GC heap after
{Heap after GC invocations=991 (full 3):
 PSYoungGen      total 11264K, used 304K [0x00000000d5580000, 0x00000000d6780000, 0x0000000100000000)
  eden space 10752K, 0% used [0x00000000d5580000,0x00000000d5580000,0x00000000d6000000)
  from space 512K, 59% used [0x00000000d6700000,0x00000000d674c030,0x00000000d6780000)
  to   space 2560K, 0% used [0x00000000d6280000,0x00000000d6280000,0x00000000d6500000)
 ParOldGen       total 889856K, used 889635K [0x0000000080000000, 0x00000000b6500000, 0x00000000d5580000)
  object space 889856K, 99% used [0x0000000080000000,0x00000000b64c8f60,0x00000000b6500000)
 Metaspace       used 78922K, committed 80512K, reserved 1179648K
  class space    used 8121K, committed 8768K, reserved 1048576K
}

