# JRE version: Java(TM) SE Runtime Environment (21.0.6+8) (build 21.0.6+8-LTS-188)
# Java VM: Java HotSpot(TM) 64-Bit Server VM (21.0.6+8-LTS-188, mixed mode, sharing, tiered, compressed oops, compressed class ptrs, g1 gc, windows-amd64)
GC Precious Log:
 CardTable entry size: 512
 Card Set container configuration: InlinePtr #cards 4 size 8 Array Of Cards #cards 16 size 48 Howl #buckets 8 coarsen threshold 3686 Howl Bitmap #cards 512 size 80 coarsen threshold 460 Card regions per heap region 1 cards per card region 4096
 CPUs: 16 total, 16 available
 Memory: 16202M
 Large Page Support: Disabled
 NUMA Support: Disabled
 Compressed Oops: Enabled (Zero based)
 Heap Region Size: 2M
 Heap Min Capacity: 8M
 Heap Initial Capacity: 254M
 Heap Max Capacity: 4052M
 Pre-touch: Disabled
 Parallel Workers: 13
 Concurrent Workers: 3
 Concurrent Refinement Workers: 13
 Periodic GC: Disabled
Heap:
 garbage-first heap   total 129024K, used 114971K [0x0000000702c00000, 0x0000000800000000)
  region size 2048K, 47 young (96256K), 6 survivors (12288K)
 Metaspace       used 28770K, committed 29120K, reserved 1114112K
  class space    used 3172K, committed 3328K, reserved 1048576K
GC Heap History (9 events):
Event: 7.648 GC heap before
{Heap before GC invocations=0 (full 0):
 garbage-first heap   total 260096K, used 22528K [0x0000000702c00000, 0x0000000800000000)
  region size 2048K, 11 young (22528K), 0 survivors (0K)
 Metaspace       used 5634K, committed 5824K, reserved 1114112K
  class space    used 646K, committed 768K, reserved 1048576K
}
Event: 7.686 GC heap after
{Heap after GC invocations=1 (full 0):
 garbage-first heap   total 260096K, used 3711K [0x0000000702c00000, 0x0000000800000000)
  region size 2048K, 2 young (4096K), 2 survivors (4096K)
 Metaspace       used 5634K, committed 5824K, reserved 1114112K
  class space    used 646K, committed 768K, reserved 1048576K
}
Event: 9.761 GC heap before
{Heap before GC invocations=1 (full 0):
 garbage-first heap   total 260096K, used 36479K [0x0000000702c00000, 0x0000000800000000)
  region size 2048K, 18 young (36864K), 2 survivors (4096K)
 Metaspace       used 9932K, committed 10112K, reserved 1114112K
  class space    used 1164K, committed 1280K, reserved 1048576K
}
Event: 9.768 GC heap after
{Heap after GC invocations=2 (full 0):
 garbage-first heap   total 260096K, used 5483K [0x0000000702c00000, 0x0000000800000000)
  region size 2048K, 1 young (2048K), 1 survivors (2048K)
 Metaspace       used 9932K, committed 10112K, reserved 1114112K
  class space    used 1164K, committed 1280K, reserved 1048576K
}
Event: 39.039 GC heap before
{Heap before GC invocations=2 (full 0):
 garbage-first heap   total 260096K, used 157035K [0x0000000702c00000, 0x0000000800000000)
  region size 2048K, 76 young (155648K), 1 survivors (2048K)
 Metaspace       used 18825K, committed 19136K, reserved 1114112K
  class space    used 2070K, committed 2240K, reserved 1048576K
}
Event: 39.207 GC heap after
{Heap after GC invocations=3 (full 0):
 garbage-first heap   total 260096K, used 17907K [0x0000000702c00000, 0x0000000800000000)
  region size 2048K, 7 young (14336K), 7 survivors (14336K)
 Metaspace       used 18825K, committed 19136K, reserved 1114112K
  class space    used 2070K, committed 2240K, reserved 1048576K
}
Event: 40.407 GC heap before
{Heap before GC invocations=3 (full 0):
 garbage-first heap   total 260096K, used 46579K [0x0000000702c00000, 0x0000000800000000)
  region size 2048K, 18 young (36864K), 7 survivors (14336K)
 Metaspace       used 21207K, committed 21504K, reserved 1114112K
  class space    used 2345K, committed 2496K, reserved 1048576K
}
Event: 40.428 GC heap after
{Heap after GC invocations=4 (full 0):
 garbage-first heap   total 260096K, used 31003K [0x0000000702c00000, 0x0000000800000000)
  region size 2048K, 3 young (6144K), 3 survivors (6144K)
 Metaspace       used 21207K, committed 21504K, reserved 1114112K
  class space    used 2345K, committed 2496K, reserved 1048576K
}
Event: 46.747 GC heap before
{Heap before GC invocations=5 (full 0):
 garbage-first heap   total 116736K, used 114971K [0x0000000702c00000, 0x0000000800000000)
  region size 2048K, 44 young (90112K), 3 survivors (6144K)
 Metaspace       used 28770K, committed 29120K, reserved 1114112K
  class space    used 3172K, committed 3328K, reserved 1048576K
}

